[debug] [2019-11-08T04:49:41.707Z] ----------------------------------------------------------------------
[debug] [2019-11-08T04:49:41.709Z] Command:       C:\Program Files\nodejs\node.exe C:\Users\tmorrow\AppData\Roaming\npm\node_modules\firebase-tools\lib\bin\firebase.js init
[debug] [2019-11-08T04:49:41.709Z] CLI Version:   7.6.2
[debug] [2019-11-08T04:49:41.709Z] Platform:      win32
[debug] [2019-11-08T04:49:41.709Z] Node Version:  v10.16.0
[debug] [2019-11-08T04:49:41.710Z] Time:          Thu Nov 07 2019 23:49:41 GMT-0500 (Eastern Standard Time)
[debug] [2019-11-08T04:49:41.711Z] ----------------------------------------------------------------------
[debug] [2019-11-08T04:49:41.711Z] 
[debug] [2019-11-08T04:49:41.718Z] > command requires scopes: ["email","openid","https://www.googleapis.com/auth/cloudplatformprojects.readonly","https://www.googleapis.com/auth/firebase","https://www.googleapis.com/auth/cloud-platform"]
[debug] [2019-11-08T04:49:41.719Z] > authorizing via signed-in user
[info] 
     ######## #### ########  ######## ########     ###     ######  ########
     ##        ##  ##     ## ##       ##     ##  ##   ##  ##       ##
     ######    ##  ########  ######   ########  #########  ######  ######
     ##        ##  ##    ##  ##       ##     ## ##     ##       ## ##
     ##       #### ##     ## ######## ########  ##     ##  ######  ########

You're about to initialize a Firebase project in this directory:

  C:\Users\tmorrow\Desktop\trainingportal\training-new

[info] 
=== Project Setup
[info] 
[info] First, let's associate this project directory with a Firebase project.
[info] You can create multiple project aliases by running firebase use --add, 
[info] but for now we'll just set up a default project.
[info] 
[debug] [2019-11-08T04:50:22.637Z] > refreshing access token with scopes: ["email","https://www.googleapis.com/auth/cloud-platform","https://www.googleapis.com/auth/cloudplatformprojects.readonly","https://www.googleapis.com/auth/firebase","openid"]
[debug] [2019-11-08T04:50:22.637Z] >>> HTTP REQUEST POST https://www.googleapis.com/oauth2/v3/token  
 <request body omitted>
[debug] [2019-11-08T04:50:22.740Z] <<< HTTP RESPONSE 200
[debug] [2019-11-08T04:50:22.746Z] >>> HTTP REQUEST GET https://firebase.googleapis.com/v1beta1/projects?pageSize=100  
 
[debug] [2019-11-08T04:50:23.030Z] <<< HTTP RESPONSE 200
[debug] [2019-11-08T14:50:52.895Z] ----------------------------------------------------------------------
[debug] [2019-11-08T14:50:52.898Z] Command:       C:\Program Files\nodejs\node.exe C:\Users\tmorrow\AppData\Roaming\npm\node_modules\firebase-tools\lib\bin\firebase.js init
[debug] [2019-11-08T14:50:52.898Z] CLI Version:   7.6.2
[debug] [2019-11-08T14:50:52.898Z] Platform:      win32
[debug] [2019-11-08T14:50:52.898Z] Node Version:  v10.16.0
[debug] [2019-11-08T14:50:52.899Z] Time:          Fri Nov 08 2019 09:50:52 GMT-0500 (Eastern Standard Time)
[debug] [2019-11-08T14:50:52.899Z] ----------------------------------------------------------------------
[debug] [2019-11-08T14:50:52.899Z] 
[debug] [2019-11-08T14:50:52.908Z] > command requires scopes: ["email","openid","https://www.googleapis.com/auth/cloudplatformprojects.readonly","https://www.googleapis.com/auth/firebase","https://www.googleapis.com/auth/cloud-platform"]
[debug] [2019-11-08T14:50:52.909Z] > authorizing via signed-in user
[info] 
     ######## #### ########  ######## ########     ###     ######  ########
     ##        ##  ##     ## ##       ##     ##  ##   ##  ##       ##
     ######    ##  ########  ######   ########  #########  ######  ######
     ##        ##  ##    ##  ##       ##     ## ##     ##       ## ##
     ##       #### ##     ## ######## ########  ##     ##  ######  ########

You're about to initialize a Firebase project in this directory:

  C:\Users\tmorrow\Desktop\trainingportal\training-new

[info] 
=== Project Setup
[info] 
[info] First, let's associate this project directory with a Firebase project.
[info] You can create multiple project aliases by running firebase use --add, 
[info] but for now we'll just set up a default project.
[info] 
[debug] [2019-11-08T15:10:19.902Z] > refreshing access token with scopes: ["email","https://www.googleapis.com/auth/cloud-platform","https://www.googleapis.com/auth/cloudplatformprojects.readonly","https://www.googleapis.com/auth/firebase","openid"]
[debug] [2019-11-08T15:10:19.902Z] >>> HTTP REQUEST POST https://www.googleapis.com/oauth2/v3/token  
 <request body omitted>
[debug] [2019-11-08T15:10:19.997Z] <<< HTTP RESPONSE 200
[debug] [2019-11-08T15:10:20.009Z] >>> HTTP REQUEST GET https://firebase.googleapis.com/v1beta1/projects?pageSize=100  
 
[debug] [2019-11-08T15:10:20.327Z] <<< HTTP RESPONSE 200
[debug] [2019-11-08T15:10:31.394Z] ----------------------------------------------------------------------
[debug] [2019-11-08T15:10:31.396Z] Command:       C:\Program Files\nodejs\node.exe C:\Users\tmorrow\AppData\Roaming\npm\node_modules\firebase-tools\lib\bin\firebase.js init
[debug] [2019-11-08T15:10:31.396Z] CLI Version:   7.6.2
[debug] [2019-11-08T15:10:31.396Z] Platform:      win32
[debug] [2019-11-08T15:10:31.396Z] Node Version:  v10.16.0
[debug] [2019-11-08T15:10:31.397Z] Time:          Fri Nov 08 2019 10:10:31 GMT-0500 (Eastern Standard Time)
[debug] [2019-11-08T15:10:31.397Z] ----------------------------------------------------------------------
[debug] [2019-11-08T15:10:31.397Z] 
[debug] [2019-11-08T15:10:31.405Z] > command requires scopes: ["email","openid","https://www.googleapis.com/auth/cloudplatformprojects.readonly","https://www.googleapis.com/auth/firebase","https://www.googleapis.com/auth/cloud-platform"]
[debug] [2019-11-08T15:10:31.406Z] > authorizing via signed-in user
[info] 
     ######## #### ########  ######## ########     ###     ######  ########
     ##        ##  ##     ## ##       ##     ##  ##   ##  ##       ##
     ######    ##  ########  ######   ########  #########  ######  ######
     ##        ##  ##    ##  ##       ##     ## ##     ##       ## ##
     ##       #### ##     ## ######## ########  ##     ##  ######  ########

You're about to initialize a Firebase project in this directory:

  C:\Users\tmorrow\Desktop\trainingportal\training-new

[info] 
=== Project Setup
[info] 
[info] First, let's associate this project directory with a Firebase project.
[info] You can create multiple project aliases by running firebase use --add, 
[info] but for now we'll just set up a default project.
[info] 
[debug] [2019-11-08T15:10:39.531Z] >>> HTTP REQUEST GET https://firebase.googleapis.com/v1beta1/availableProjects?pageSize=100  
 
[debug] [2019-11-08T15:10:39.959Z] <<< HTTP RESPONSE 200
[debug] [2019-11-08T15:11:36.350Z] ----------------------------------------------------------------------
[debug] [2019-11-08T15:11:36.353Z] Command:       C:\Program Files\nodejs\node.exe C:\Users\tmorrow\AppData\Roaming\npm\node_modules\firebase-tools\lib\bin\firebase.js init
[debug] [2019-11-08T15:11:36.353Z] CLI Version:   7.6.2
[debug] [2019-11-08T15:11:36.353Z] Platform:      win32
[debug] [2019-11-08T15:11:36.353Z] Node Version:  v10.16.0
[debug] [2019-11-08T15:11:36.354Z] Time:          Fri Nov 08 2019 10:11:36 GMT-0500 (Eastern Standard Time)
[debug] [2019-11-08T15:11:36.354Z] ----------------------------------------------------------------------
[debug] [2019-11-08T15:11:36.354Z] 
[debug] [2019-11-08T15:11:36.362Z] > command requires scopes: ["email","openid","https://www.googleapis.com/auth/cloudplatformprojects.readonly","https://www.googleapis.com/auth/firebase","https://www.googleapis.com/auth/cloud-platform"]
[debug] [2019-11-08T15:11:36.363Z] > authorizing via signed-in user
[info] 
     ######## #### ########  ######## ########     ###     ######  ########
     ##        ##  ##     ## ##       ##     ##  ##   ##  ##       ##
     ######    ##  ########  ######   ########  #########  ######  ######
     ##        ##  ##    ##  ##       ##     ## ##     ##       ## ##
     ##       #### ##     ## ######## ########  ##     ##  ######  ########

You're about to initialize a Firebase project in this directory:

  C:\Users\tmorrow\Desktop\trainingportal\training-new

[info] 
=== Project Setup
[info] 
[info] First, let's associate this project directory with a Firebase project.
[info] You can create multiple project aliases by running firebase use --add, 
[info] but for now we'll just set up a default project.
[info] 
[debug] [2019-11-08T15:11:41.429Z] >>> HTTP REQUEST GET https://firebase.googleapis.com/v1beta1/projects?pageSize=100  
 
[debug] [2019-11-08T15:11:41.660Z] <<< HTTP RESPONSE 200
[debug] [2019-11-08T15:12:01.598Z] ----------------------------------------------------------------------
[debug] [2019-11-08T15:12:01.601Z] Command:       C:\Program Files\nodejs\node.exe C:\Users\tmorrow\AppData\Roaming\npm\node_modules\firebase-tools\lib\bin\firebase.js init
[debug] [2019-11-08T15:12:01.601Z] CLI Version:   7.6.2
[debug] [2019-11-08T15:12:01.601Z] Platform:      win32
[debug] [2019-11-08T15:12:01.601Z] Node Version:  v10.16.0
[debug] [2019-11-08T15:12:01.602Z] Time:          Fri Nov 08 2019 10:12:01 GMT-0500 (Eastern Standard Time)
[debug] [2019-11-08T15:12:01.602Z] ----------------------------------------------------------------------
[debug] [2019-11-08T15:12:01.602Z] 
[debug] [2019-11-08T15:12:01.609Z] > command requires scopes: ["email","openid","https://www.googleapis.com/auth/cloudplatformprojects.readonly","https://www.googleapis.com/auth/firebase","https://www.googleapis.com/auth/cloud-platform"]
[debug] [2019-11-08T15:12:01.610Z] > authorizing via signed-in user
[info] 
     ######## #### ########  ######## ########     ###     ######  ########
     ##        ##  ##     ## ##       ##     ##  ##   ##  ##       ##
     ######    ##  ########  ######   ########  #########  ######  ######
     ##        ##  ##    ##  ##       ##     ## ##     ##       ## ##
     ##       #### ##     ## ######## ########  ##     ##  ######  ########

You're about to initialize a Firebase project in this directory:

  C:\Users\tmorrow\Desktop\trainingportal\training-new

[info] 
=== Project Setup
[info] 
[info] First, let's associate this project directory with a Firebase project.
[info] You can create multiple project aliases by running firebase use --add, 
[info] but for now we'll just set up a default project.
[info] 
[info] 
=== Database Setup
[info] 
[info] Firebase Realtime Database Rules allow you to define how your data should be
[info] structured and when your data can be read from and written to.
[info] 
